<?xml version="1.0" encoding="UTF-8"?>
<!-- Generated by org.testng.reporters.JUnitXMLReporter -->
<testsuite ignored="0" hostname="Jaggu" failures="1" tests="1" name="EdgeTest" time="27.195" errors="0" timestamp="2024-05-22T13:29:18 IST">
  <testcase classname="com.mystore.testcases.HomepageTestGrouping" name="orderHistoryandDetailsTest" time="11.532">
    <failure type="java.lang.AssertionError" message="expected [true] but found [false]">
      <![CDATA[java.lang.AssertionError: expected [true] but found [false]
at com.mystore.testcases.HomepageTestGrouping.orderHistoryandDetailsTest(HomepageTestGrouping.java:52)
at java.base/java.util.ArrayList.forEach(ArrayList.java:1511)
at java.base/java.util.concurrent.FutureTask.run(FutureTask.java:264)
at java.base/java.util.concurrent.ThreadPoolExecutor.runWorker(ThreadPoolExecutor.java:1136)
at java.base/java.util.concurrent.ThreadPoolExecutor$Worker.run(ThreadPoolExecutor.java:635)
at java.base/java.lang.Thread.run(Thread.java:833)
... Removed 19 stack frames]]>
    </failure>
  </testcase> <!-- orderHistoryandDetailsTest -->
</testsuite> <!-- EdgeTest -->
