<?xml version="1.0" encoding="UTF-8"?>
<!-- Generated by org.testng.reporters.JUnitXMLReporter -->
<testsuite ignored="2" hostname="Jaggu" failures="1" tests="2" name="Smoke" time="67.919" errors="0" timestamp="2024-05-21T13:12:28 IST">
  <testcase classname="com.mystore.testcases.HomepageTestGrouping" name="orderHistoryandDetailsTest" time="14.897"/>
  <testcase classname="com.mystore.testcases.HomepageTestGrouping" name="orderHistoryandDetailsTest" time="14.304">
    <failure type="java.lang.AssertionError" message="expected [true] but found [false]">
      <![CDATA[java.lang.AssertionError: expected [true] but found [false]
at com.mystore.testcases.HomepageTestGrouping.orderHistoryandDetailsTest(HomepageTestGrouping.java:52)
at java.base/java.util.ArrayList.forEach(ArrayList.java:1511)
... Removed 29 stack frames]]>
    </failure>
  </testcase> <!-- orderHistoryandDetailsTest -->
  <testcase classname="com.mystore.testcases.endToEndTestGrouping" name="endToEndTest" time="0.0">
    <ignored/>
  </testcase> <!-- endToEndTest -->
  <testcase classname="com.mystore.base.BaseClass" name="@BeforeSuite loadconfig" time="0.0">
    <ignored/>
  </testcase> <!-- @BeforeSuite loadconfig -->
</testsuite> <!-- Smoke -->
